[03/14/2012 13:50:15  INFO]Starting Firefox...
[03/14/2012 13:50:15  INFO]Using profile: webdriver
[03/14/2012 13:50:31  INFO]=====Workflow add_delete_report start=====
[03/14/2012 13:50:31  INFO]--- 1 Action Start: navigate
[03/14/2012 13:50:33  INFO]Navigated to: https://www.t5.l1.cisco.com
[03/14/2012 13:50:33  INFO]--- 2 Action Start: input
[03/14/2012 13:50:34  INFO]Typed: jearnold1 in //*[@id='accountid'] text field by given xpath method
[03/14/2012 13:50:34  INFO]--- 3 Action Start: input
[03/14/2012 13:50:34  INFO]Typed: Test1234 in //*[@id='password'] text field by given xpath method
[03/14/2012 13:50:34  INFO]--- 4 Action Start: click
[03/14/2012 13:50:36  INFO]Clicked on button: //*[@id='loginbutton'], by given xpath method
[03/14/2012 13:50:36  INFO]--- 5 Action Start: wait
[03/14/2012 13:50:36  INFO]Sleeping for: 1 seconds
[03/14/2012 13:50:37  INFO]--- 2 Action Start: navigate
[03/14/2012 13:50:39  INFO]Navigated to: https://3413.t5.l1.cisco.com/reports.html
[03/14/2012 13:50:39  INFO]--- 3 Action Start: click
[03/14/2012 13:50:39  INFO]Clicked on: //*[@id='report_create'] link, by given xpath method
[03/14/2012 13:50:39  INFO]--- 4 Action Start: wait
[03/14/2012 13:50:39  INFO]Sleeping for: 3 seconds
[03/14/2012 13:50:42  INFO]--- 5 Action Start: click
[03/14/2012 13:50:42  INFO]Clicked on: /html/body/div[2]/div[2]/div/div/div/div/select/option link, by given xpath method
[03/14/2012 13:50:42  INFO]--- 6 Action Start: click
[03/14/2012 13:50:42  INFO]Clicked on: /html/body/div[2]/div[2]/div/div/div/div[3]/select/option link, by given xpath method
[03/14/2012 13:50:42  INFO]--- 7 Action Start: click
[03/14/2012 13:50:43  INFO]Clicked on: /html/body/div[2]/div[2]/div/div/div/div[4]/select/option link, by given xpath method
[03/14/2012 13:50:43  INFO]--- 8 Action Start: input
[03/14/2012 13:50:43  INFO]Typed: 123abcABC in //*[@id='report_notes'] text field by given xpath method
[03/14/2012 13:50:43  INFO]--- 9 Action Start: click
[03/14/2012 13:50:45  INFO]Clicked on button: /html/body/div[2]/div[3]/div/span[2]/button, by given xpath method
[03/14/2012 13:50:45  INFO]--- 10 Action Start: click
[03/14/2012 13:50:48  INFO]Clicked on button: /html/body/div[2]/div[3]/div/span[2]/button, by given xpath method
[03/14/2012 13:50:48  INFO]--- 11 Action Start: click
[03/14/2012 13:50:50  INFO]Clicked on button: /html/body/div[2]/div[2]/div/div/div[3]/div/select/option, by given xpath method
[03/14/2012 13:50:50  INFO]--- 12 Action Start: click
[03/14/2012 13:50:52  INFO]Clicked on button: /html/body/div[2]/div[3]/div/span[3]/button, by given xpath method
[03/14/2012 13:50:52  INFO]--- 13 Action Start: wait
[03/14/2012 13:50:52  INFO]Sleeping for: 3 seconds
[03/14/2012 13:50:55  INFO]--- 14 Action Start: click
[03/14/2012 13:50:58  INFO]Clicked on button: /html/body/div[2]/div[3]/div/button, by given xpath method
[03/14/2012 13:50:58  INFO]--- 15 Action Start: wait
[03/14/2012 13:50:58  INFO]Sleeping for: 15 seconds
[03/14/2012 13:51:13  INFO]--- 16 Action Start: navigate
[03/14/2012 13:51:13  INFO]Navigated to: https://3413.t5.l1.cisco.com/reports.html
[03/14/2012 13:51:13  INFO]--- 17 Action Start: verify
[03/14/2012 13:51:14  INFO]Found text: 123abcABC
[03/14/2012 13:51:14  INFO]Regex passed
[03/14/2012 13:51:14  INFO]--- 18 Action Start: verify
[03/14/2012 13:51:14  INFO]Found text: PDF
[03/14/2012 13:51:14  INFO]Regex passed
[03/14/2012 13:51:14  INFO]--- 19 Action Start: verify
[03/14/2012 13:51:14  INFO]Found text: English
[03/14/2012 13:51:14  INFO]Regex passed
[03/14/2012 13:51:14  INFO]--- 21 Action Start: click
[03/14/2012 13:51:14  INFO]Clicked on: /html/body/div/div[2]/div/div[2]/table/tbody/tr link, by given xpath method
[03/14/2012 13:51:14  INFO]--- 22 Action Start: wait
[03/14/2012 13:51:14  INFO]Sleeping for: 2 seconds
[03/14/2012 13:51:16  INFO]--- 23 Action Start: click
[03/14/2012 13:51:17  INFO]Clicked on: /html/body/div/div[2]/div[3]/div/div/span/a link, by given xpath method
[03/14/2012 13:51:17  INFO]--- 24 Action Start: wait
[03/14/2012 13:51:17  INFO]Sleeping for: 2 seconds
[03/14/2012 13:51:19  INFO]--- 25 Action Start: verify
[03/14/2012 13:51:19  INFO]Found text: 123abcABC
[03/14/2012 13:51:19  INFO]Regex passed
[03/14/2012 13:51:19  INFO]--- 26 Action Start: click
[03/14/2012 13:51:19  INFO]Clicked on: /html/body/div[2]/div/a link, by given xpath method
[03/14/2012 13:51:19  INFO]--- 27 Action Start: wait
[03/14/2012 13:51:19  INFO]Sleeping for: 1 seconds
[03/14/2012 13:51:20  INFO]--- 28 Action Start: click
[03/14/2012 13:51:20  INFO]Clicked on: /html/body/div/div[2]/div/div[2]/table/tbody/tr link, by given xpath method
[03/14/2012 13:51:20  INFO]--- 29 Action Start: wait
[03/14/2012 13:51:20  INFO]Sleeping for: 2 seconds
[03/14/2012 13:51:22  INFO]--- 30 Action Start: click
[03/14/2012 13:51:23  INFO]Clicked on: /html/body/div/div[2]/div[3]/div/div/span[2]/a link, by given xpath method
[03/14/2012 13:51:23  INFO]--- 31 Action Start: wait
[03/14/2012 13:51:23  INFO]Sleeping for: 10 seconds
[03/14/2012 13:51:33  INFO]--- 32 Action Start: verify
[03/14/2012 13:51:33 ERROR]************************************************************
[03/14/2012 13:51:33 ERROR]The file name: RPT_CUSTOMER_LIST.pdf is not expected or the file is not existed.
[03/14/2012 13:51:33 ERROR]************************************************************
[03/14/2012 13:51:33 ERROR]************************************************************
[03/14/2012 13:51:33 ERROR]File Name: RPT_CUSTOMER_LIST.pdf is incorrect.
[03/14/2012 13:51:33 ERROR]************************************************************
[03/14/2012 13:51:33 ERROR]************************************************************
[03/14/2012 13:51:33 ERROR]Action verify with type: filename is not supported!
[03/14/2012 13:51:33 ERROR]************************************************************
[03/14/2012 13:51:33  INFO]=====Workflow add_delete_report end=====
[03/14/2012 13:51:33  INFO]Action 32: verify aborted
[03/14/2012 13:51:33  INFO]Result: Fail
[03/14/2012 13:51:33  INFO]Time: 0 hours, 1 minutes, 17 seconds.
[03/14/2012 13:58:01  INFO]Starting Firefox...
[03/14/2012 13:58:01  INFO]Using profile: webdriver
[03/14/2012 13:58:10  INFO]=====Workflow add_delete_report start=====
[03/14/2012 13:58:10  INFO]--- 1 Action Start: navigate
[03/14/2012 13:58:11  INFO]Navigated to: https://www.t5.l1.cisco.com
[03/14/2012 13:58:11  INFO]--- 2 Action Start: input
[03/14/2012 13:58:11  INFO]Typed: jearnold1 in //*[@id='accountid'] text field by given xpath method
[03/14/2012 13:58:11  INFO]--- 3 Action Start: input
[03/14/2012 13:58:11  INFO]Typed: Test1234 in //*[@id='password'] text field by given xpath method
[03/14/2012 13:58:11  INFO]--- 4 Action Start: click
[03/14/2012 13:58:14  INFO]Clicked on button: //*[@id='loginbutton'], by given xpath method
[03/14/2012 13:58:14  INFO]--- 5 Action Start: wait
[03/14/2012 13:58:14  INFO]Sleeping for: 1 seconds
[03/14/2012 13:58:15  INFO]--- 2 Action Start: navigate
[03/14/2012 13:58:16  INFO]Navigated to: https://3413.t5.l1.cisco.com/reports.html
[03/14/2012 13:58:16  INFO]--- 3 Action Start: click
[03/14/2012 13:58:16  INFO]Clicked on: //*[@id='report_create'] link, by given xpath method
[03/14/2012 13:58:16  INFO]--- 4 Action Start: wait
[03/14/2012 13:58:16  INFO]Sleeping for: 3 seconds
[03/14/2012 13:58:19  INFO]--- 5 Action Start: click
[03/14/2012 13:58:20  INFO]Clicked on: /html/body/div[2]/div[2]/div/div/div/div/select/option link, by given xpath method
[03/14/2012 13:58:20  INFO]--- 6 Action Start: click
[03/14/2012 13:58:20  INFO]Clicked on: /html/body/div[2]/div[2]/div/div/div/div[3]/select/option link, by given xpath method
[03/14/2012 13:58:20  INFO]--- 7 Action Start: click
[03/14/2012 13:58:20  INFO]Clicked on: /html/body/div[2]/div[2]/div/div/div/div[4]/select/option link, by given xpath method
[03/14/2012 13:58:20  INFO]--- 8 Action Start: input
[03/14/2012 13:58:21  INFO]Typed: 123abcABC in //*[@id='report_notes'] text field by given xpath method
[03/14/2012 13:58:21  INFO]--- 9 Action Start: click
[03/14/2012 13:58:23  INFO]Clicked on button: /html/body/div[2]/div[3]/div/span[2]/button, by given xpath method
[03/14/2012 13:58:23  INFO]--- 10 Action Start: click
[03/14/2012 13:58:25  INFO]Clicked on button: /html/body/div[2]/div[3]/div/span[2]/button, by given xpath method
[03/14/2012 13:58:25  INFO]--- 11 Action Start: click
[03/14/2012 13:58:28  INFO]Clicked on button: /html/body/div[2]/div[2]/div/div/div[3]/div/select/option, by given xpath method
[03/14/2012 13:58:28  INFO]--- 12 Action Start: click
[03/14/2012 13:58:30  INFO]Clicked on button: /html/body/div[2]/div[3]/div/span[3]/button, by given xpath method
[03/14/2012 13:58:30  INFO]--- 13 Action Start: wait
[03/14/2012 13:58:30  INFO]Sleeping for: 3 seconds
[03/14/2012 13:58:33  INFO]--- 14 Action Start: click
[03/14/2012 13:58:35  INFO]Clicked on button: /html/body/div[2]/div[3]/div/button, by given xpath method
[03/14/2012 13:58:35  INFO]--- 15 Action Start: wait
[03/14/2012 13:58:35  INFO]Sleeping for: 15 seconds
[03/14/2012 13:58:50  INFO]--- 16 Action Start: navigate
[03/14/2012 13:58:51  INFO]Navigated to: https://3413.t5.l1.cisco.com/reports.html
[03/14/2012 13:58:51  INFO]--- 17 Action Start: verify
[03/14/2012 13:58:51  INFO]Found text: 123abcABC
[03/14/2012 13:58:51  INFO]Regex passed
[03/14/2012 13:58:51  INFO]--- 18 Action Start: verify
[03/14/2012 13:58:51  INFO]Found text: PDF
[03/14/2012 13:58:51  INFO]Regex passed
[03/14/2012 13:58:51  INFO]--- 19 Action Start: verify
[03/14/2012 13:58:51  INFO]Found text: English
[03/14/2012 13:58:51  INFO]Regex passed
[03/14/2012 13:58:51  INFO]--- 21 Action Start: click
[03/14/2012 13:58:52  INFO]Clicked on: /html/body/div/div[2]/div/div[2]/table/tbody/tr link, by given xpath method
[03/14/2012 13:58:52  INFO]--- 22 Action Start: wait
[03/14/2012 13:58:52  INFO]Sleeping for: 2 seconds
[03/14/2012 13:58:54  INFO]--- 23 Action Start: click
[03/14/2012 13:58:54  INFO]Clicked on: /html/body/div/div[2]/div[3]/div/div/span/a link, by given xpath method
[03/14/2012 13:58:54  INFO]--- 24 Action Start: wait
[03/14/2012 13:58:54  INFO]Sleeping for: 2 seconds
[03/14/2012 13:58:56  INFO]--- 25 Action Start: verify
[03/14/2012 13:58:56  INFO]Found text: 123abcABC
[03/14/2012 13:58:56  INFO]Regex passed
[03/14/2012 13:58:56  INFO]--- 26 Action Start: click
[03/14/2012 13:58:56  INFO]Clicked on: /html/body/div[2]/div/a link, by given xpath method
[03/14/2012 13:58:56  INFO]--- 27 Action Start: wait
[03/14/2012 13:58:56  INFO]Sleeping for: 1 seconds
[03/14/2012 13:58:57  INFO]--- 28 Action Start: click
[03/14/2012 13:58:58  INFO]Clicked on: /html/body/div/div[2]/div/div[2]/table/tbody/tr link, by given xpath method
[03/14/2012 13:58:58  INFO]--- 29 Action Start: wait
[03/14/2012 13:58:58  INFO]Sleeping for: 2 seconds
[03/14/2012 13:59:00  INFO]--- 30 Action Start: click
[03/14/2012 13:59:00  INFO]Clicked on: /html/body/div/div[2]/div[3]/div/div/span[2]/a link, by given xpath method
[03/14/2012 13:59:00  INFO]--- 31 Action Start: wait
[03/14/2012 13:59:00  INFO]Sleeping for: 10 seconds
[03/14/2012 13:59:10  INFO]--- 32 Action Start: verify
[03/14/2012 13:59:10 ERROR]************************************************************
[03/14/2012 13:59:10 ERROR]The file name: RPT_CUSTOMER_LIST.pdf is not expected or the file is not existed.
[03/14/2012 13:59:10 ERROR]************************************************************
[03/14/2012 13:59:10 ERROR]************************************************************
[03/14/2012 13:59:10 ERROR]File Name: RPT_CUSTOMER_LIST.pdf is incorrect.
[03/14/2012 13:59:10 ERROR]************************************************************
[03/14/2012 13:59:10 ERROR]************************************************************
[03/14/2012 13:59:10 ERROR]Action verify with type: filename is not supported!
[03/14/2012 13:59:10 ERROR]************************************************************
[03/14/2012 13:59:10  INFO]=====Workflow add_delete_report end=====
[03/14/2012 13:59:10  INFO]Action 32: verify aborted
[03/14/2012 13:59:10  INFO]Result: Fail
[03/14/2012 13:59:10  INFO]Time: 0 hours, 1 minutes, 9 seconds.
[03/14/2012 14:01:06  INFO]Starting Firefox...
[03/14/2012 14:01:06  INFO]Using profile: webdriver
[03/14/2012 14:01:16  INFO]=====Workflow add_delete_report start=====
[03/14/2012 14:01:16  INFO]--- 1 Action Start: navigate
[03/14/2012 14:01:18  INFO]Navigated to: https://www.t5.l1.cisco.com
[03/14/2012 14:01:18  INFO]--- 2 Action Start: input
[03/14/2012 14:01:18  INFO]Typed: jearnold1 in //*[@id='accountid'] text field by given xpath method
[03/14/2012 14:01:18  INFO]--- 3 Action Start: input
[03/14/2012 14:01:18  INFO]Typed: Test1234 in //*[@id='password'] text field by given xpath method
[03/14/2012 14:01:18  INFO]--- 4 Action Start: click
[03/14/2012 14:01:21  INFO]Clicked on button: //*[@id='loginbutton'], by given xpath method
[03/14/2012 14:01:21  INFO]--- 5 Action Start: wait
[03/14/2012 14:01:21  INFO]Sleeping for: 1 seconds
[03/14/2012 14:01:22  INFO]--- 2 Action Start: navigate
[03/14/2012 14:01:56 ERROR]************************************************************
[03/14/2012 14:01:56 ERROR]Failed to load url: https://3413.t5.l1.cisco.com/reports.html after 30 seconds
[03/14/2012 14:01:56 ERROR]************************************************************
[03/14/2012 14:01:56  INFO]=====Workflow add_delete_report end=====
[03/14/2012 14:01:56  INFO]Action 2: navigate aborted
[03/14/2012 14:01:56  INFO]Result: Fail
[03/14/2012 14:01:56  INFO]Time: 0 hours, 0 minutes, 49 seconds.
[03/14/2012 14:02:00  INFO]Starting Firefox...
[03/14/2012 14:02:00  INFO]Using profile: webdriver
[03/14/2012 14:02:10  INFO]=====Workflow add_delete_report start=====
[03/14/2012 14:02:10  INFO]--- 1 Action Start: navigate
[03/14/2012 14:02:11  INFO]Navigated to: https://www.t5.l1.cisco.com
[03/14/2012 14:02:11  INFO]--- 2 Action Start: input
[03/14/2012 14:02:11  INFO]Typed: jearnold1 in //*[@id='accountid'] text field by given xpath method
[03/14/2012 14:02:11  INFO]--- 3 Action Start: input
[03/14/2012 14:02:11  INFO]Typed: Test1234 in //*[@id='password'] text field by given xpath method
[03/14/2012 14:02:11  INFO]--- 4 Action Start: click
[03/14/2012 14:02:14  INFO]Clicked on button: //*[@id='loginbutton'], by given xpath method
[03/14/2012 14:02:14  INFO]--- 5 Action Start: wait
[03/14/2012 14:02:14  INFO]Sleeping for: 1 seconds
[03/14/2012 14:02:15  INFO]--- 2 Action Start: navigate
[03/14/2012 14:02:18  INFO]Navigated to: https://3413.t5.l1.cisco.com/reports.html
[03/14/2012 14:02:18  INFO]--- 3 Action Start: click
[03/14/2012 14:02:18  INFO]Clicked on: //*[@id='report_create'] link, by given xpath method
[03/14/2012 14:02:18  INFO]--- 4 Action Start: wait
[03/14/2012 14:02:18  INFO]Sleeping for: 3 seconds
[03/14/2012 14:02:21  INFO]--- 5 Action Start: click
[03/14/2012 14:02:21  INFO]Clicked on: /html/body/div[2]/div[2]/div/div/div/div/select/option link, by given xpath method
[03/14/2012 14:02:21  INFO]--- 6 Action Start: click
[03/14/2012 14:02:22  INFO]Clicked on: /html/body/div[2]/div[2]/div/div/div/div[3]/select/option link, by given xpath method
[03/14/2012 14:02:22  INFO]--- 7 Action Start: click
[03/14/2012 14:02:22  INFO]Clicked on: /html/body/div[2]/div[2]/div/div/div/div[4]/select/option link, by given xpath method
[03/14/2012 14:02:22  INFO]--- 8 Action Start: input
[03/14/2012 14:02:22  INFO]Typed: 123abcABC in //*[@id='report_notes'] text field by given xpath method
[03/14/2012 14:02:22  INFO]--- 9 Action Start: click
[03/14/2012 14:02:25  INFO]Clicked on button: /html/body/div[2]/div[3]/div/span[2]/button, by given xpath method
[03/14/2012 14:02:25  INFO]--- 10 Action Start: click
[03/14/2012 14:02:27  INFO]Clicked on button: /html/body/div[2]/div[3]/div/span[2]/button, by given xpath method
[03/14/2012 14:02:27  INFO]--- 11 Action Start: click
[03/14/2012 14:02:29  INFO]Clicked on button: /html/body/div[2]/div[2]/div/div/div[3]/div/select/option, by given xpath method
[03/14/2012 14:02:29  INFO]--- 12 Action Start: click
[03/14/2012 14:02:31  INFO]Clicked on button: /html/body/div[2]/div[3]/div/span[3]/button, by given xpath method
[03/14/2012 14:02:31  INFO]--- 13 Action Start: wait
[03/14/2012 14:02:31  INFO]Sleeping for: 3 seconds
[03/14/2012 14:02:35  INFO]--- 14 Action Start: click
[03/14/2012 14:02:37  INFO]Clicked on button: /html/body/div[2]/div[3]/div/button, by given xpath method
[03/14/2012 14:02:37  INFO]--- 15 Action Start: wait
[03/14/2012 14:02:37  INFO]Sleeping for: 15 seconds
[03/14/2012 14:02:52  INFO]--- 16 Action Start: navigate
[03/14/2012 14:02:52  INFO]Navigated to: https://3413.t5.l1.cisco.com/reports.html
[03/14/2012 14:02:52  INFO]--- 17 Action Start: verify
[03/14/2012 14:02:53  INFO]Found text: 123abcABC
[03/14/2012 14:02:53  INFO]Regex passed
[03/14/2012 14:02:53  INFO]--- 18 Action Start: verify
[03/14/2012 14:02:53  INFO]Found text: PDF
[03/14/2012 14:02:53  INFO]Regex passed
[03/14/2012 14:02:53  INFO]--- 19 Action Start: verify
[03/14/2012 14:02:53  INFO]Found text: English
[03/14/2012 14:02:53  INFO]Regex passed
[03/14/2012 14:02:53  INFO]--- 21 Action Start: click
[03/14/2012 14:02:53  INFO]Clicked on: /html/body/div/div[2]/div/div[2]/table/tbody/tr link, by given xpath method
[03/14/2012 14:02:53  INFO]--- 22 Action Start: wait
[03/14/2012 14:02:53  INFO]Sleeping for: 2 seconds
[03/14/2012 14:02:55  INFO]--- 23 Action Start: click
[03/14/2012 14:02:56  INFO]Clicked on: /html/body/div/div[2]/div[3]/div/div/span/a link, by given xpath method
[03/14/2012 14:02:56  INFO]--- 24 Action Start: wait
[03/14/2012 14:02:56  INFO]Sleeping for: 2 seconds
[03/14/2012 14:02:58  INFO]--- 25 Action Start: verify
[03/14/2012 14:02:58  INFO]Found text: 123abcABC
[03/14/2012 14:02:58  INFO]Regex passed
[03/14/2012 14:02:58  INFO]--- 26 Action Start: click
[03/14/2012 14:02:58  INFO]Clicked on: /html/body/div[2]/div/a link, by given xpath method
[03/14/2012 14:02:58  INFO]--- 27 Action Start: wait
[03/14/2012 14:02:58  INFO]Sleeping for: 1 seconds
[03/14/2012 14:02:59  INFO]--- 28 Action Start: click
[03/14/2012 14:02:59  INFO]Clicked on: /html/body/div/div[2]/div/div[2]/table/tbody/tr link, by given xpath method
[03/14/2012 14:02:59  INFO]--- 29 Action Start: wait
[03/14/2012 14:02:59  INFO]Sleeping for: 2 seconds
[03/14/2012 14:03:01  INFO]--- 30 Action Start: click
[03/14/2012 14:03:02  INFO]Clicked on: /html/body/div/div[2]/div[3]/div/div/span[2]/a link, by given xpath method
[03/14/2012 14:03:02  INFO]--- 31 Action Start: wait
[03/14/2012 14:03:02  INFO]Sleeping for: 10 seconds
[03/14/2012 14:03:12  INFO]--- 32 Action Start: verify
[03/14/2012 14:03:12  INFO]The file name is expected
[03/14/2012 14:03:12  INFO]File Name: RPT_CUSTOMER_LIST.pdf has been verified.
[03/14/2012 14:03:12 ERROR]************************************************************
[03/14/2012 14:03:12 ERROR]Action verify with type: filename is not supported!
[03/14/2012 14:03:12 ERROR]************************************************************
[03/14/2012 14:03:12  INFO]=====Workflow add_delete_report end=====
[03/14/2012 14:03:12  INFO]Action 32: verify aborted
[03/14/2012 14:03:12  INFO]Result: Fail
[03/14/2012 14:03:12  INFO]Time: 0 hours, 1 minutes, 11 seconds.
[03/14/2012 14:09:56  INFO]Starting Firefox...
[03/14/2012 14:09:56  INFO]Using profile: webdriver
[03/14/2012 14:10:07  INFO]=====Workflow add_delete_report start=====
[03/14/2012 14:10:07  INFO]--- 1 Action Start: navigate
[03/14/2012 14:10:08  INFO]Navigated to: https://www.t5.l1.cisco.com
[03/14/2012 14:10:08  INFO]--- 2 Action Start: input
[03/14/2012 14:10:09  INFO]Typed: jearnold1 in //*[@id='accountid'] text field by given xpath method
[03/14/2012 14:10:09  INFO]--- 3 Action Start: input
[03/14/2012 14:10:09  INFO]Typed: Test1234 in //*[@id='password'] text field by given xpath method
[03/14/2012 14:10:09  INFO]--- 4 Action Start: click
[03/14/2012 14:10:11  INFO]Clicked on button: //*[@id='loginbutton'], by given xpath method
[03/14/2012 14:10:11  INFO]--- 5 Action Start: wait
[03/14/2012 14:10:11  INFO]Sleeping for: 1 seconds
[03/14/2012 14:10:12  INFO]--- 2 Action Start: navigate
[03/14/2012 14:10:14  INFO]Navigated to: https://3413.t5.l1.cisco.com/reports.html
[03/14/2012 14:10:14  INFO]--- 3 Action Start: click
[03/14/2012 14:10:15  INFO]Clicked on: //*[@id='report_create'] link, by given xpath method
[03/14/2012 14:10:15  INFO]--- 4 Action Start: wait
[03/14/2012 14:10:15  INFO]Sleeping for: 3 seconds
[03/14/2012 14:10:18  INFO]--- 5 Action Start: click
[03/14/2012 14:10:18  INFO]Clicked on: /html/body/div[2]/div[2]/div/div/div/div/select/option link, by given xpath method
[03/14/2012 14:10:18  INFO]--- 6 Action Start: click
[03/14/2012 14:10:18  INFO]Clicked on: /html/body/div[2]/div[2]/div/div/div/div[3]/select/option link, by given xpath method
[03/14/2012 14:10:18  INFO]--- 7 Action Start: click
[03/14/2012 14:10:18  INFO]Clicked on: /html/body/div[2]/div[2]/div/div/div/div[4]/select/option link, by given xpath method
[03/14/2012 14:10:18  INFO]--- 8 Action Start: input
[03/14/2012 14:10:19  INFO]Typed: 123abcABC in //*[@id='report_notes'] text field by given xpath method
[03/14/2012 14:10:19  INFO]--- 9 Action Start: click
[03/14/2012 14:10:21  INFO]Clicked on button: /html/body/div[2]/div[3]/div/span[2]/button, by given xpath method
[03/14/2012 14:10:21  INFO]--- 10 Action Start: click
[03/14/2012 14:10:23  INFO]Clicked on button: /html/body/div[2]/div[3]/div/span[2]/button, by given xpath method
[03/14/2012 14:10:23  INFO]--- 11 Action Start: click
[03/14/2012 14:10:26  INFO]Clicked on button: /html/body/div[2]/div[2]/div/div/div[3]/div/select/option, by given xpath method
[03/14/2012 14:10:26  INFO]--- 12 Action Start: click
[03/14/2012 14:10:28  INFO]Clicked on button: /html/body/div[2]/div[3]/div/span[3]/button, by given xpath method
[03/14/2012 14:10:28  INFO]--- 13 Action Start: wait
[03/14/2012 14:10:28  INFO]Sleeping for: 3 seconds
[03/14/2012 14:10:31  INFO]--- 14 Action Start: click
[03/14/2012 14:10:33  INFO]Clicked on button: /html/body/div[2]/div[3]/div/button, by given xpath method
[03/14/2012 14:10:33  INFO]--- 15 Action Start: wait
[03/14/2012 14:10:33  INFO]Sleeping for: 15 seconds
[03/14/2012 14:10:48  INFO]--- 16 Action Start: navigate
[03/14/2012 14:10:49  INFO]Navigated to: https://3413.t5.l1.cisco.com/reports.html
[03/14/2012 14:10:49  INFO]--- 17 Action Start: verify
[03/14/2012 14:10:49  INFO]Found text: 123abcABC
[03/14/2012 14:10:49  INFO]Regex passed
[03/14/2012 14:10:49  INFO]--- 18 Action Start: verify
[03/14/2012 14:10:49  INFO]Found text: PDF
[03/14/2012 14:10:49  INFO]Regex passed
[03/14/2012 14:10:49  INFO]--- 19 Action Start: verify
[03/14/2012 14:10:50  INFO]Found text: English
[03/14/2012 14:10:50  INFO]Regex passed
[03/14/2012 14:10:50  INFO]--- 21 Action Start: click
[03/14/2012 14:10:50  INFO]Clicked on: /html/body/div/div[2]/div/div[2]/table/tbody/tr link, by given xpath method
[03/14/2012 14:10:50  INFO]--- 22 Action Start: wait
[03/14/2012 14:10:50  INFO]Sleeping for: 2 seconds
[03/14/2012 14:10:52  INFO]--- 23 Action Start: click
[03/14/2012 14:10:52  INFO]Clicked on: /html/body/div/div[2]/div[3]/div/div/span/a link, by given xpath method
[03/14/2012 14:10:52  INFO]--- 24 Action Start: wait
[03/14/2012 14:10:52  INFO]Sleeping for: 2 seconds
[03/14/2012 14:10:54  INFO]--- 25 Action Start: verify
[03/14/2012 14:10:54  INFO]Found text: 123abcABC
[03/14/2012 14:10:54  INFO]Regex passed
[03/14/2012 14:10:54  INFO]--- 26 Action Start: click
[03/14/2012 14:10:54  INFO]Clicked on: /html/body/div[2]/div/a link, by given xpath method
[03/14/2012 14:10:54  INFO]--- 27 Action Start: wait
[03/14/2012 14:10:54  INFO]Sleeping for: 1 seconds
[03/14/2012 14:10:55  INFO]--- 28 Action Start: click
[03/14/2012 14:10:56  INFO]Clicked on: /html/body/div/div[2]/div/div[2]/table/tbody/tr link, by given xpath method
[03/14/2012 14:10:56  INFO]--- 29 Action Start: wait
[03/14/2012 14:10:56  INFO]Sleeping for: 2 seconds
[03/14/2012 14:10:58  INFO]--- 30 Action Start: click
[03/14/2012 14:10:58  INFO]Clicked on: /html/body/div/div[2]/div[3]/div/div/span[2]/a link, by given xpath method
[03/14/2012 14:10:58  INFO]--- 31 Action Start: wait
[03/14/2012 14:10:58  INFO]Sleeping for: 10 seconds
[03/14/2012 14:11:08  INFO]--- 32 Action Start: verify
[03/14/2012 14:11:08  INFO]The file name is the saem as expected.
[03/14/2012 14:11:08  INFO]File Name: RPT_CUSTOMER_LIST.pdf has been verified.
[03/14/2012 14:11:08  INFO]--- 28 Action Start: click
[03/14/2012 14:11:08  INFO]Clicked on: /html/body/div/div[2]/div/div[2]/table/tbody/tr link, by given xpath method
[03/14/2012 14:11:08  INFO]--- 29 Action Start: wait
[03/14/2012 14:11:08  INFO]Sleeping for: 2 seconds
[03/14/2012 14:11:10  INFO]--- 30 Action Start: click
[03/14/2012 14:11:11  INFO]Clicked on: /html/body/div/div[2]/div[3]/div/div/span[3]/a link, by given xpath method
[03/14/2012 14:11:11  INFO]--- 31 Action Start: wait
[03/14/2012 14:11:11  INFO]Sleeping for: 1 seconds
[03/14/2012 14:11:12  INFO]--- 32 Action Start: click
[03/14/2012 14:11:14  INFO]Clicked on button: /html/body/div[3]/div[3]/div/span/button, by given xpath method
[03/14/2012 14:11:14  INFO]--- 33 Action Start: wait
[03/14/2012 14:11:14  INFO]Sleeping for: 1 seconds
[03/14/2012 14:11:15  INFO]--- 34 Action Start: verify
[03/14/2012 14:11:15  INFO]Found text: Reports
[03/14/2012 14:11:15  INFO]Regex passed
[03/14/2012 14:11:15  INFO]=====Workflow add_delete_report end=====
[03/14/2012 14:11:15  INFO]Result: Pass
[03/14/2012 14:11:15  INFO]Time: 0 hours, 1 minutes, 18 seconds.
[03/14/2012 14:13:35  INFO]Starting Firefox...
[03/14/2012 14:13:35  INFO]Using profile: webdriver
[03/14/2012 14:13:44  INFO]=====Workflow add_delete_report start=====
[03/14/2012 14:13:44  INFO]--- 1 Action Start: navigate
[03/14/2012 14:13:45  INFO]Navigated to: https://www.t5.l1.cisco.com
[03/14/2012 14:13:45  INFO]--- 2 Action Start: input
[03/14/2012 14:13:46  INFO]Typed: jearnold1 in //*[@id='accountid'] text field by given xpath method
[03/14/2012 14:13:46  INFO]--- 3 Action Start: input
[03/14/2012 14:13:46  INFO]Typed: Test1234 in //*[@id='password'] text field by given xpath method
[03/14/2012 14:13:46  INFO]--- 4 Action Start: click
[03/14/2012 14:13:48  INFO]Clicked on button: //*[@id='loginbutton'], by given xpath method
[03/14/2012 14:13:48  INFO]--- 5 Action Start: wait
[03/14/2012 14:13:48  INFO]Sleeping for: 1 seconds
[03/14/2012 14:13:49  INFO]--- 2 Action Start: navigate
[03/14/2012 14:13:50  INFO]Navigated to: https://3413.t5.l1.cisco.com/reports.html
[03/14/2012 14:13:50  INFO]--- 3 Action Start: click
[03/14/2012 14:13:51  INFO]Clicked on: //*[@id='report_create'] link, by given xpath method
[03/14/2012 14:13:51  INFO]--- 4 Action Start: wait
[03/14/2012 14:13:51  INFO]Sleeping for: 3 seconds
[03/14/2012 14:13:54  INFO]--- 5 Action Start: click
[03/14/2012 14:13:54  INFO]Clicked on: /html/body/div[2]/div[2]/div/div/div/div/select/option link, by given xpath method
[03/14/2012 14:13:54  INFO]--- 6 Action Start: click
[03/14/2012 14:13:54  INFO]Clicked on: /html/body/div[2]/div[2]/div/div/div/div[3]/select/option link, by given xpath method
[03/14/2012 14:13:54  INFO]--- 7 Action Start: click
[03/14/2012 14:13:54  INFO]Clicked on: /html/body/div[2]/div[2]/div/div/div/div[4]/select/option link, by given xpath method
[03/14/2012 14:13:54  INFO]--- 8 Action Start: input
[03/14/2012 14:13:55  INFO]Typed: 123abcABC in //*[@id='report_notes'] text field by given xpath method
[03/14/2012 14:13:55  INFO]--- 9 Action Start: click
[03/14/2012 14:13:57  INFO]Clicked on button: /html/body/div[2]/div[3]/div/span[2]/button, by given xpath method
[03/14/2012 14:13:57  INFO]--- 10 Action Start: click
[03/14/2012 14:14:00  INFO]Clicked on button: /html/body/div[2]/div[3]/div/span[2]/button, by given xpath method
[03/14/2012 14:14:00  INFO]--- 11 Action Start: click
[03/14/2012 14:14:02  INFO]Clicked on button: /html/body/div[2]/div[2]/div/div/div[3]/div/select/option, by given xpath method
[03/14/2012 14:14:02  INFO]--- 12 Action Start: click
[03/14/2012 14:14:04  INFO]Clicked on button: /html/body/div[2]/div[3]/div/span[3]/button, by given xpath method
[03/14/2012 14:14:04  INFO]--- 13 Action Start: wait
[03/14/2012 14:14:04  INFO]Sleeping for: 3 seconds
[03/14/2012 14:14:07  INFO]--- 14 Action Start: click
[03/14/2012 14:14:09  INFO]Clicked on button: /html/body/div[2]/div[3]/div/button, by given xpath method
[03/14/2012 14:14:09  INFO]--- 15 Action Start: wait
[03/14/2012 14:14:09  INFO]Sleeping for: 15 seconds
[03/14/2012 14:14:24  INFO]--- 16 Action Start: navigate
[03/14/2012 14:14:25  INFO]Navigated to: https://3413.t5.l1.cisco.com/reports.html
[03/14/2012 14:14:25  INFO]--- 17 Action Start: verify
[03/14/2012 14:14:35 ERROR]************************************************************
[03/14/2012 14:14:35 ERROR]Could not find the element with given xpath: /html/body/div/div[2]/div/div[2]/table/tbody/tr/td[3]
[03/14/2012 14:14:35 ERROR]************************************************************
[03/14/2012 14:14:35  INFO]=====Workflow add_delete_report end=====
[03/14/2012 14:14:36  INFO]Action 17: verify aborted
[03/14/2012 14:14:36  INFO]Result: Fail
[03/14/2012 14:14:36  INFO]Time: 0 hours, 0 minutes, 60 seconds.
[03/14/2012 14:15:23  INFO]Starting Firefox...
[03/14/2012 14:15:23  INFO]Using profile: webdriver
[03/14/2012 14:15:32  INFO]=====Workflow add_delete_report start=====
[03/14/2012 14:15:32  INFO]--- 1 Action Start: navigate
[03/14/2012 14:15:33  INFO]Navigated to: https://www.t5.l1.cisco.com
[03/14/2012 14:15:33  INFO]--- 2 Action Start: input
[03/14/2012 14:15:33  INFO]Typed: jearnold1 in //*[@id='accountid'] text field by given xpath method
[03/14/2012 14:15:33  INFO]--- 3 Action Start: input
[03/14/2012 14:15:33  INFO]Typed: Test1234 in //*[@id='password'] text field by given xpath method
[03/14/2012 14:15:33  INFO]--- 4 Action Start: click
[03/14/2012 14:15:35  INFO]Clicked on button: //*[@id='loginbutton'], by given xpath method
[03/14/2012 14:15:35  INFO]--- 5 Action Start: wait
[03/14/2012 14:15:35  INFO]Sleeping for: 1 seconds
[03/14/2012 14:15:37  INFO]--- 2 Action Start: navigate
[03/14/2012 14:15:38  INFO]Navigated to: https://3413.t5.l1.cisco.com/reports.html
[03/14/2012 14:15:38  INFO]--- 3 Action Start: click
[03/14/2012 14:15:38  INFO]Clicked on: //*[@id='report_create'] link, by given xpath method
[03/14/2012 14:15:38  INFO]--- 4 Action Start: wait
[03/14/2012 14:15:38  INFO]Sleeping for: 3 seconds
[03/14/2012 14:15:41  INFO]--- 5 Action Start: click
[03/14/2012 14:15:41  INFO]Clicked on: /html/body/div[2]/div[2]/div/div/div/div/select/option link, by given xpath method
[03/14/2012 14:15:41  INFO]--- 6 Action Start: click
[03/14/2012 14:15:41  INFO]Clicked on: /html/body/div[2]/div[2]/div/div/div/div[3]/select/option link, by given xpath method
[03/14/2012 14:15:41  INFO]--- 7 Action Start: click
[03/14/2012 14:15:41  INFO]Clicked on: /html/body/div[2]/div[2]/div/div/div/div[4]/select/option link, by given xpath method
[03/14/2012 14:15:41  INFO]--- 8 Action Start: input
[03/14/2012 14:15:42  INFO]Typed: 123abcABC in //*[@id='report_notes'] text field by given xpath method
[03/14/2012 14:15:42  INFO]--- 9 Action Start: click
[03/14/2012 14:15:44  INFO]Clicked on button: /html/body/div[2]/div[3]/div/span[2]/button, by given xpath method
[03/14/2012 14:15:44  INFO]--- 10 Action Start: click
[03/14/2012 14:15:47  INFO]Clicked on button: /html/body/div[2]/div[3]/div/span[2]/button, by given xpath method
[03/14/2012 14:15:47  INFO]--- 11 Action Start: click
[03/14/2012 14:15:49  INFO]Clicked on button: /html/body/div[2]/div[2]/div/div/div[3]/div/select/option, by given xpath method
[03/14/2012 14:15:49  INFO]--- 12 Action Start: click
[03/14/2012 14:15:51  INFO]Clicked on button: /html/body/div[2]/div[3]/div/span[3]/button, by given xpath method
[03/14/2012 14:15:51  INFO]--- 13 Action Start: wait
[03/14/2012 14:15:51  INFO]Sleeping for: 3 seconds
[03/14/2012 14:15:54  INFO]--- 14 Action Start: click
[03/14/2012 14:15:57  INFO]Clicked on button: /html/body/div[2]/div[3]/div/button, by given xpath method
[03/14/2012 14:15:57  INFO]--- 15 Action Start: wait
[03/14/2012 14:15:57  INFO]Sleeping for: 15 seconds
[03/14/2012 14:16:12  INFO]--- 16 Action Start: navigate
[03/14/2012 14:16:12  INFO]Navigated to: https://3413.t5.l1.cisco.com/reports.html
[03/14/2012 14:16:12  INFO]--- 17 Action Start: verify
[03/14/2012 14:16:13  INFO]Found text: 123abcABC
[03/14/2012 14:16:13  INFO]Regex passed
[03/14/2012 14:16:13  INFO]--- 18 Action Start: verify
[03/14/2012 14:16:13  INFO]Found text: PDF
[03/14/2012 14:16:13  INFO]Regex passed
[03/14/2012 14:16:13  INFO]--- 19 Action Start: verify
[03/14/2012 14:16:13  INFO]Found text: English
[03/14/2012 14:16:13  INFO]Regex passed
[03/14/2012 14:16:13  INFO]--- 21 Action Start: click
[03/14/2012 14:16:13  INFO]Clicked on: /html/body/div/div[2]/div/div[2]/table/tbody/tr link, by given xpath method
[03/14/2012 14:16:13  INFO]--- 22 Action Start: wait
[03/14/2012 14:16:13  INFO]Sleeping for: 2 seconds
[03/14/2012 14:16:15  INFO]--- 23 Action Start: click
[03/14/2012 14:16:15 ERROR]************************************************************
[03/14/2012 14:16:15 ERROR]Cannot find element with given xpath: /html/body/div/div[2]/div[3]/div/div/span/a
[03/14/2012 14:16:15 ERROR]************************************************************
[03/14/2012 14:16:15  INFO]=====Workflow add_delete_report end=====
[03/14/2012 14:16:15  INFO]Action 23: click aborted
[03/14/2012 14:16:15  INFO]Result: Fail
[03/14/2012 14:16:15  INFO]Time: 0 hours, 0 minutes, 52 seconds.
[03/14/2012 14:16:38  INFO]Starting Firefox...
[03/14/2012 14:16:38  INFO]Using profile: webdriver
[03/14/2012 14:16:47  INFO]=====Workflow add_delete_report start=====
[03/14/2012 14:16:47  INFO]--- 1 Action Start: navigate
[03/14/2012 14:16:48  INFO]Navigated to: https://www.t5.l1.cisco.com
[03/14/2012 14:16:48  INFO]--- 2 Action Start: input
[03/14/2012 14:16:48  INFO]Typed: jearnold1 in //*[@id='accountid'] text field by given xpath method
[03/14/2012 14:16:48  INFO]--- 3 Action Start: input
[03/14/2012 14:16:49  INFO]Typed: Test1234 in //*[@id='password'] text field by given xpath method
[03/14/2012 14:16:49  INFO]--- 4 Action Start: click
[03/14/2012 14:16:51  INFO]Clicked on button: //*[@id='loginbutton'], by given xpath method
[03/14/2012 14:16:51  INFO]--- 5 Action Start: wait
[03/14/2012 14:16:51  INFO]Sleeping for: 1 seconds
[03/14/2012 14:16:52  INFO]--- 2 Action Start: navigate
[03/14/2012 14:16:53  INFO]Navigated to: https://3413.t5.l1.cisco.com/reports.html
[03/14/2012 14:16:53  INFO]--- 3 Action Start: click
[03/14/2012 14:16:53  INFO]Clicked on: //*[@id='report_create'] link, by given xpath method
[03/14/2012 14:16:53  INFO]--- 4 Action Start: wait
[03/14/2012 14:16:53  INFO]Sleeping for: 3 seconds
[03/14/2012 14:16:56  INFO]--- 5 Action Start: click
[03/14/2012 14:16:57  INFO]Clicked on: /html/body/div[2]/div[2]/div/div/div/div/select/option link, by given xpath method
[03/14/2012 14:16:57  INFO]--- 6 Action Start: click
[03/14/2012 14:16:57  INFO]Clicked on: /html/body/div[2]/div[2]/div/div/div/div[3]/select/option link, by given xpath method
[03/14/2012 14:16:57  INFO]--- 7 Action Start: click
[03/14/2012 14:16:57  INFO]Clicked on: /html/body/div[2]/div[2]/div/div/div/div[4]/select/option link, by given xpath method
[03/14/2012 14:16:57  INFO]--- 8 Action Start: input
[03/14/2012 14:16:58  INFO]Typed: 123abcABC in //*[@id='report_notes'] text field by given xpath method
[03/14/2012 14:16:58  INFO]--- 9 Action Start: click
[03/14/2012 14:17:00  INFO]Clicked on button: /html/body/div[2]/div[3]/div/span[2]/button, by given xpath method
[03/14/2012 14:17:00  INFO]--- 10 Action Start: click
[03/14/2012 14:17:02  INFO]Clicked on button: /html/body/div[2]/div[3]/div/span[2]/button, by given xpath method
[03/14/2012 14:17:02  INFO]--- 11 Action Start: click
[03/14/2012 14:17:04  INFO]Clicked on button: /html/body/div[2]/div[2]/div/div/div[3]/div/select/option, by given xpath method
[03/14/2012 14:17:04  INFO]--- 12 Action Start: click
[03/14/2012 14:17:07  INFO]Clicked on button: /html/body/div[2]/div[3]/div/span[3]/button, by given xpath method
[03/14/2012 14:17:07  INFO]--- 13 Action Start: wait
[03/14/2012 14:17:07  INFO]Sleeping for: 3 seconds
[03/14/2012 14:17:10  INFO]--- 14 Action Start: click
[03/14/2012 14:17:12  INFO]Clicked on button: /html/body/div[2]/div[3]/div/button, by given xpath method
[03/14/2012 14:17:12  INFO]--- 15 Action Start: wait
[03/14/2012 14:17:12  INFO]Sleeping for: 15 seconds
[03/14/2012 14:17:27  INFO]--- 16 Action Start: navigate
[03/14/2012 14:17:27  INFO]Navigated to: https://3413.t5.l1.cisco.com/reports.html
[03/14/2012 14:17:27  INFO]--- 17 Action Start: verify
[03/14/2012 14:17:28  INFO]Found text: 123abcABC
[03/14/2012 14:17:28  INFO]Regex passed
[03/14/2012 14:17:28  INFO]--- 18 Action Start: verify
[03/14/2012 14:17:28  INFO]Found text: PDF
[03/14/2012 14:17:28  INFO]Regex passed
[03/14/2012 14:17:28  INFO]--- 19 Action Start: verify
[03/14/2012 14:17:28  INFO]Found text: English
[03/14/2012 14:17:28  INFO]Regex passed
[03/14/2012 14:17:28  INFO]--- 21 Action Start: click
[03/14/2012 14:17:28  INFO]Clicked on: /html/body/div/div[2]/div/div[2]/table/tbody/tr link, by given xpath method
[03/14/2012 14:17:28  INFO]--- 22 Action Start: wait
[03/14/2012 14:17:28  INFO]Sleeping for: 2 seconds
[03/14/2012 14:17:30  INFO]--- 23 Action Start: click
[03/14/2012 14:17:31  INFO]Clicked on: /html/body/div/div[2]/div[3]/div/div/span/a link, by given xpath method
[03/14/2012 14:17:31  INFO]--- 24 Action Start: wait
[03/14/2012 14:17:31  INFO]Sleeping for: 2 seconds
[03/14/2012 14:17:33  INFO]--- 25 Action Start: verify
[03/14/2012 14:17:33  INFO]Found text: 123abcABC
[03/14/2012 14:17:33  INFO]Regex passed
[03/14/2012 14:17:33  INFO]--- 26 Action Start: click
[03/14/2012 14:17:33  INFO]Clicked on: /html/body/div[2]/div/a link, by given xpath method
[03/14/2012 14:17:33  INFO]--- 27 Action Start: wait
[03/14/2012 14:17:33  INFO]Sleeping for: 1 seconds
[03/14/2012 14:17:34  INFO]--- 28 Action Start: click
[03/14/2012 14:17:34  INFO]Clicked on: /html/body/div/div[2]/div/div[2]/table/tbody/tr link, by given xpath method
[03/14/2012 14:17:34  INFO]--- 29 Action Start: wait
[03/14/2012 14:17:34  INFO]Sleeping for: 2 seconds
[03/14/2012 14:17:36  INFO]--- 30 Action Start: click
[03/14/2012 14:17:37  INFO]Clicked on: /html/body/div/div[2]/div[3]/div/div/span[2]/a link, by given xpath method
[03/14/2012 14:17:37  INFO]--- 31 Action Start: wait
[03/14/2012 14:17:37  INFO]Sleeping for: 10 seconds
[03/14/2012 14:17:47  INFO]--- 32 Action Start: verify
[03/14/2012 14:17:47  INFO]The file name is the saem as expected.
[03/14/2012 14:17:47  INFO]File Name: RPT_CUSTOMER_LIST.pdf has been verified.
[03/14/2012 14:17:47  INFO]--- 33 Action Start: verify
[03/14/2012 14:17:47  INFO]The size of the file RPT_CUSTOMER_LIST.pdf is 216804
[03/14/2012 14:17:47  INFO]File size is not zero.
[03/14/2012 14:17:47  INFO]--- 28 Action Start: click
[03/14/2012 14:17:47  INFO]Clicked on: /html/body/div/div[2]/div/div[2]/table/tbody/tr link, by given xpath method
[03/14/2012 14:17:47  INFO]--- 29 Action Start: wait
[03/14/2012 14:17:47  INFO]Sleeping for: 2 seconds
[03/14/2012 14:17:49  INFO]--- 30 Action Start: click
[03/14/2012 14:17:50  INFO]Clicked on: /html/body/div/div[2]/div[3]/div/div/span[3]/a link, by given xpath method
[03/14/2012 14:17:50  INFO]--- 31 Action Start: wait
[03/14/2012 14:17:50  INFO]Sleeping for: 1 seconds
[03/14/2012 14:17:51  INFO]--- 32 Action Start: click
[03/14/2012 14:17:53  INFO]Clicked on button: /html/body/div[3]/div[3]/div/span/button, by given xpath method
[03/14/2012 14:17:53  INFO]--- 33 Action Start: wait
[03/14/2012 14:17:53  INFO]Sleeping for: 1 seconds
[03/14/2012 14:17:54  INFO]--- 34 Action Start: verify
[03/14/2012 14:17:54  INFO]Found text: Reports
[03/14/2012 14:17:54  INFO]Regex passed
[03/14/2012 14:17:54  INFO]=====Workflow add_delete_report end=====
[03/14/2012 14:17:54  INFO]Result: Pass
[03/14/2012 14:17:54  INFO]Time: 0 hours, 1 minutes, 16 seconds.
