[03/13/2012 16:12:43 ERROR]************************************************************
[03/13/2012 16:12:43 ERROR]Parse Exception on line: 58 The reference to entity "page" must end with the ';' delimiter.
[03/13/2012 16:12:43 ERROR]************************************************************
[03/13/2012 16:12:43 ERROR]************************************************************
[03/13/2012 16:12:43 ERROR]XML file is null
[03/13/2012 16:12:43 ERROR]************************************************************
[03/13/2012 16:18:44 ERROR]************************************************************
[03/13/2012 16:18:44 ERROR]Parse Exception on line: 191 The reference to entity "page" must end with the ';' delimiter.
[03/13/2012 16:18:44 ERROR]************************************************************
[03/13/2012 16:18:44 ERROR]************************************************************
[03/13/2012 16:18:44 ERROR]XML file is null
[03/13/2012 16:18:44 ERROR]************************************************************
[03/13/2012 16:20:12  INFO]Starting Firefox...
[03/13/2012 16:20:12  INFO]Using profile: webdriver
[03/13/2012 16:21:00  INFO]=====Workflow invite_customer_login start=====
[03/13/2012 16:21:00  INFO]--- 1 Action Start: navigate
[03/13/2012 16:21:04  INFO]Navigated to: https://www.t5.l1.cisco.com
[03/13/2012 16:21:04  INFO]--- 2 Action Start: input
[03/13/2012 16:21:06  INFO]Typed: nhuhoang1 in //*[@id='accountid'] text field by given xpath method
[03/13/2012 16:21:06  INFO]--- 3 Action Start: input
[03/13/2012 16:21:07  INFO]Typed: Test1234 in //*[@id='password'] text field by given xpath method
[03/13/2012 16:21:07  INFO]--- 4 Action Start: click
[03/13/2012 16:21:10  INFO]Clicked on button: //*[@id='loginbutton'], by given xpath method
[03/13/2012 16:21:10  INFO]--- 5 Action Start: wait
[03/13/2012 16:21:10  INFO]Sleeping for: 1 seconds
[03/13/2012 16:21:11  INFO]--- 6 Action Start: navigate
[03/13/2012 16:21:25  INFO]Navigated to: https://4468.t5.l1.cisco.com/customer.html?c=23530.4468.t5.l1.cisco.com
[03/13/2012 16:21:25  INFO]--- 7 Action Start: click
[03/13/2012 16:21:26 ERROR]************************************************************
[03/13/2012 16:21:26 ERROR]Cannot find element with given xpath: /html/body/div/div[2]/ul/li[7]/ul/li[3]/a
[03/13/2012 16:21:26 ERROR]************************************************************
[03/13/2012 16:21:26  INFO]=====Workflow invite_customer_login end=====
[03/13/2012 16:21:26  INFO]Action 7: click aborted
[03/13/2012 16:21:26  INFO]Result: Fail
[03/13/2012 16:21:26  INFO]Time: 0 hours, 1 minutes, 14 seconds.
[03/13/2012 16:47:15  INFO]Starting Firefox...
[03/13/2012 16:47:15  INFO]Using profile: webdriver
[03/13/2012 16:47:53  INFO]=====Workflow invite_customer_login start=====
[03/13/2012 16:47:53  INFO]--- 1 Action Start: navigate
[03/13/2012 16:47:55  INFO]Navigated to: https://www.t5.l1.cisco.com
[03/13/2012 16:47:55  INFO]--- 2 Action Start: input
[03/13/2012 16:47:56  INFO]Typed: nhuhoang1 in //*[@id='accountid'] text field by given xpath method
[03/13/2012 16:47:56  INFO]--- 3 Action Start: input
[03/13/2012 16:47:56  INFO]Typed: Test1234 in //*[@id='password'] text field by given xpath method
[03/13/2012 16:47:56  INFO]--- 4 Action Start: click
[03/13/2012 16:47:59  INFO]Clicked on button: //*[@id='loginbutton'], by given xpath method
[03/13/2012 16:47:59  INFO]--- 5 Action Start: wait
[03/13/2012 16:47:59  INFO]Sleeping for: 1 seconds
[03/13/2012 16:48:00  INFO]--- 6 Action Start: navigate
[03/13/2012 16:48:04  INFO]Navigated to: https://4468.t5.l1.cisco.com/customer.html?c=23530.4468.t5.l1.cisco.com
[03/13/2012 16:48:04  INFO]--- 7 Action Start: hover
[03/13/2012 16:48:04  INFO]Displayed sub-menu of: Profile
[03/13/2012 16:48:04  INFO]--- 9 Action Start: click
[03/13/2012 16:48:06  INFO]Clicked on submenu: Customer Logins, by submenu value method
[03/13/2012 16:48:06  INFO]--- 8 Action Start: wait
[03/13/2012 16:48:06  INFO]Sleeping for: 1 seconds
[03/13/2012 16:48:07  INFO]--- 9 Action Start: click
[03/13/2012 16:48:08  INFO]Clicked on: //*[@id='service_add'] link, by given xpath method
[03/13/2012 16:48:08  INFO]--- 10 Action Start: wait
[03/13/2012 16:48:08  INFO]Sleeping for: 3 seconds
[03/13/2012 16:48:11  INFO]--- 11 Action Start: input
[03/13/2012 16:48:11  INFO]Typed: rantao12@yahoo.com in //*[@id='add_customer_login'] text field by given xpath method
[03/13/2012 16:48:11  INFO]--- 12 Action Start: input
[03/13/2012 16:48:11  INFO]Typed: Comments123 in //*[@id='add_ac_comment'] text field by given xpath method
[03/13/2012 16:48:11  INFO]--- 13 Action Start: input
[03/13/2012 16:48:12  INFO]Typed: taora@cisco.com in //*[@id='add_email_addr'] text field by given xpath method
[03/13/2012 16:48:12  INFO]--- 14 Action Start: wait
[03/13/2012 16:48:12  INFO]Sleeping for: 3 seconds
[03/13/2012 16:48:15  INFO]--- 15 Action Start: click
[03/13/2012 16:48:15  INFO]Clicked on: /html/body/div/div[2]/div[2]/div/div[2]/table/tbody/tr/td link, by given xpath method
[03/13/2012 16:48:15  INFO]--- 16 Action Start: click
[03/13/2012 16:48:17 ERROR]************************************************************
[03/13/2012 16:48:17 ERROR]Cannot find element with given xpath: //*[@id='email_send']
[03/13/2012 16:48:17 ERROR]************************************************************
[03/13/2012 16:48:17  INFO]=====Workflow invite_customer_login end=====
[03/13/2012 16:48:17  INFO]Action 16: click aborted
[03/13/2012 16:48:17  INFO]Result: Fail
[03/13/2012 16:48:17  INFO]Time: 0 hours, 1 minutes, 2 seconds.
[03/13/2012 16:51:51  INFO]Starting Firefox...
[03/13/2012 16:51:51  INFO]Using profile: webdriver
[03/13/2012 16:52:06  INFO]=====Workflow invite_customer_login start=====
[03/13/2012 16:52:06  INFO]--- 1 Action Start: navigate
[03/13/2012 16:52:07  INFO]Navigated to: https://www.t5.l1.cisco.com
[03/13/2012 16:52:07  INFO]--- 2 Action Start: input
[03/13/2012 16:52:08  INFO]Typed: nhuhoang1 in //*[@id='accountid'] text field by given xpath method
[03/13/2012 16:52:08  INFO]--- 3 Action Start: input
[03/13/2012 16:52:08  INFO]Typed: Test1234 in //*[@id='password'] text field by given xpath method
[03/13/2012 16:52:08  INFO]--- 4 Action Start: click
[03/13/2012 16:52:10  INFO]Clicked on button: //*[@id='loginbutton'], by given xpath method
[03/13/2012 16:52:10  INFO]--- 5 Action Start: wait
[03/13/2012 16:52:10  INFO]Sleeping for: 1 seconds
[03/13/2012 16:52:11  INFO]--- 6 Action Start: navigate
[03/13/2012 16:52:15  INFO]Navigated to: https://4468.t5.l1.cisco.com/customer.html?c=23530.4468.t5.l1.cisco.com
[03/13/2012 16:52:15  INFO]--- 7 Action Start: hover
[03/13/2012 16:52:15  INFO]Displayed sub-menu of: Profile
[03/13/2012 16:52:15  INFO]--- 9 Action Start: click
[03/13/2012 16:52:16  INFO]Clicked on submenu: Customer Logins, by submenu value method
[03/13/2012 16:52:16  INFO]--- 8 Action Start: wait
[03/13/2012 16:52:16  INFO]Sleeping for: 1 seconds
[03/13/2012 16:52:17  INFO]--- 9 Action Start: click
[03/13/2012 16:52:17  INFO]Clicked on: //*[@id='service_add'] link, by given xpath method
[03/13/2012 16:52:17  INFO]--- 10 Action Start: wait
[03/13/2012 16:52:17  INFO]Sleeping for: 3 seconds
[03/13/2012 16:52:20  INFO]--- 11 Action Start: input
[03/13/2012 16:52:20  INFO]Typed: rantao12@yahoo.com in //*[@id='add_customer_login'] text field by given xpath method
[03/13/2012 16:52:20  INFO]--- 12 Action Start: input
[03/13/2012 16:52:21  INFO]Typed: Comments123 in //*[@id='add_ac_comment'] text field by given xpath method
[03/13/2012 16:52:21  INFO]--- 13 Action Start: input
[03/13/2012 16:52:21  INFO]Typed: taora@cisco.com in //*[@id='add_email_addr'] text field by given xpath method
[03/13/2012 16:52:21  INFO]--- 14 Action Start: wait
[03/13/2012 16:52:21  INFO]Sleeping for: 3 seconds
[03/13/2012 16:52:24  INFO]--- 15 Action Start: click
[03/13/2012 16:52:24  INFO]Clicked on: /html/body/div[2]/div[3]/div/span/button link, by given xpath method
[03/13/2012 16:52:24  INFO]--- 14 Action Start: wait
[03/13/2012 16:52:24  INFO]Sleeping for: 2 seconds
[03/13/2012 16:52:26  INFO]--- 15 Action Start: click
[03/13/2012 16:52:26  INFO]Clicked on: /html/body/div/div[2]/div[2]/div/div[2]/table/tbody/tr/td link, by given xpath method
[03/13/2012 16:52:26  INFO]--- 16 Action Start: click
[03/13/2012 16:52:29  INFO]Clicked on button: //*[@id='email_send'], by given xpath method
[03/13/2012 16:52:29  INFO]--- 17 Action Start: verify
[03/13/2012 16:52:29 ERROR]************************************************************
[03/13/2012 16:52:29 ERROR]org.openqa.selenium.NoSuchElementException: Unable to locate element: {"method":"xpath","selector":"//*[@id='resend_email_content']"}
[03/13/2012 16:52:29 ERROR]Command duration or timeout: 17 milliseconds
[03/13/2012 16:52:29 ERROR]For documentation on this error, please visit: http://seleniumhq.org/exceptions/no_such_element.html
[03/13/2012 16:52:29 ERROR]Build info: version: '2.19.0', revision: '15849', time: '2012-02-08 16:11:19'
[03/13/2012 16:52:29 ERROR]System info: os.name: 'Windows 7', os.arch: 'amd64', os.version: '6.1', java.version: '1.7.0_02'
[03/13/2012 16:52:29 ERROR]Driver info: driver.version: RemoteWebDriver
[03/13/2012 16:52:29 ERROR]    sun.reflect.NativeConstructorAccessorImpl.newInstance0(Native Method)
[03/13/2012 16:52:29 ERROR]    sun.reflect.NativeConstructorAccessorImpl.newInstance(NativeConstructorAccessorImpl.java:57)
[03/13/2012 16:52:29 ERROR]    sun.reflect.DelegatingConstructorAccessorImpl.newInstance(DelegatingConstructorAccessorImpl.java:45)
[03/13/2012 16:52:29 ERROR]    java.lang.reflect.Constructor.newInstance(Constructor.java:525)
[03/13/2012 16:52:29 ERROR]    org.openqa.selenium.remote.ErrorHandler.createThrowable(ErrorHandler.java:170)
[03/13/2012 16:52:29 ERROR]    org.openqa.selenium.remote.ErrorHandler.throwIfResponseFailed(ErrorHandler.java:123)
[03/13/2012 16:52:29 ERROR]    org.openqa.selenium.remote.RemoteWebDriver.execute(RemoteWebDriver.java:439)
[03/13/2012 16:52:29 ERROR]    org.openqa.selenium.remote.RemoteWebDriver.findElement(RemoteWebDriver.java:226)
[03/13/2012 16:52:29 ERROR]    org.openqa.selenium.remote.RemoteWebDriver.findElementByXPath(RemoteWebDriver.java:299)
[03/13/2012 16:52:29 ERROR]    org.openqa.selenium.By$ByXPath.findElement(By.java:344)
[03/13/2012 16:52:29 ERROR]    org.openqa.selenium.remote.RemoteWebDriver.findElement(RemoteWebDriver.java:218)
[03/13/2012 16:52:29 ERROR]    com.cisco.psp.minimacros.Verify.startTest(Verify.java:43)
[03/13/2012 16:52:29 ERROR]    com.cisco.psp.testrunner.ScheduleRunner.runAction(ScheduleRunner.java:232)
[03/13/2012 16:52:29 ERROR]    com.cisco.psp.testrunner.ScheduleRunner.runWorkflow(ScheduleRunner.java:109)
[03/13/2012 16:52:29 ERROR]    com.cisco.psp.testrunner.TestRunner.main(TestRunner.java:123)
[03/13/2012 16:52:29 ERROR]************************************************************
[03/13/2012 16:52:29  INFO]=====Workflow invite_customer_login end=====
[03/13/2012 16:52:29  INFO]Result: Incomplete
[03/13/2012 16:52:29  INFO]Time: 0 hours, 0 minutes, 38 seconds.
[03/13/2012 16:59:10  INFO]Starting Firefox...
[03/13/2012 16:59:10  INFO]Using profile: webdriver
[03/13/2012 16:59:21  INFO]=====Workflow invite_customer_login start=====
[03/13/2012 16:59:21  INFO]--- 1 Action Start: navigate
[03/13/2012 16:59:22  INFO]Navigated to: https://www.t5.l1.cisco.com
[03/13/2012 16:59:22  INFO]--- 2 Action Start: input
[03/13/2012 16:59:23  INFO]Typed: nhuhoang1 in //*[@id='accountid'] text field by given xpath method
[03/13/2012 16:59:23  INFO]--- 3 Action Start: input
[03/13/2012 16:59:23  INFO]Typed: Test1234 in //*[@id='password'] text field by given xpath method
[03/13/2012 16:59:23  INFO]--- 4 Action Start: click
[03/13/2012 16:59:26  INFO]Clicked on button: //*[@id='loginbutton'], by given xpath method
[03/13/2012 16:59:26  INFO]--- 5 Action Start: wait
[03/13/2012 16:59:26  INFO]Sleeping for: 1 seconds
[03/13/2012 16:59:27  INFO]--- 6 Action Start: navigate
[03/13/2012 16:59:30  INFO]Navigated to: https://4468.t5.l1.cisco.com/customer.html?c=23530.4468.t5.l1.cisco.com
[03/13/2012 16:59:30  INFO]--- 7 Action Start: hover
[03/13/2012 16:59:31  INFO]Displayed sub-menu of: Profile
[03/13/2012 16:59:31  INFO]--- 9 Action Start: click
[03/13/2012 16:59:32  INFO]Clicked on submenu: Customer Logins, by submenu value method
[03/13/2012 16:59:32  INFO]--- 8 Action Start: wait
[03/13/2012 16:59:32  INFO]Sleeping for: 1 seconds
[03/13/2012 16:59:33  INFO]--- 9 Action Start: click
[03/13/2012 16:59:33  INFO]Clicked on: //*[@id='service_add'] link, by given xpath method
[03/13/2012 16:59:33  INFO]--- 10 Action Start: wait
[03/13/2012 16:59:33  INFO]Sleeping for: 3 seconds
[03/13/2012 16:59:36  INFO]--- 11 Action Start: input
[03/13/2012 16:59:37  INFO]Typed: rantao12@yahoo.com in //*[@id='add_customer_login'] text field by given xpath method
[03/13/2012 16:59:37  INFO]--- 12 Action Start: input
[03/13/2012 16:59:37  INFO]Typed: Comments123 in //*[@id='add_ac_comment'] text field by given xpath method
[03/13/2012 16:59:37  INFO]--- 13 Action Start: input
[03/13/2012 16:59:37  INFO]Typed: taora@cisco.com in //*[@id='add_email_addr'] text field by given xpath method
[03/13/2012 16:59:37  INFO]--- 14 Action Start: wait
[03/13/2012 16:59:37  INFO]Sleeping for: 3 seconds
[03/13/2012 16:59:40  INFO]--- 15 Action Start: click
[03/13/2012 16:59:40  INFO]Clicked on: /html/body/div[2]/div[3]/div/span/button link, by given xpath method
[03/13/2012 16:59:40  INFO]--- 14 Action Start: wait
[03/13/2012 16:59:40  INFO]Sleeping for: 2 seconds
[03/13/2012 16:59:42  INFO]--- 15 Action Start: click
[03/13/2012 16:59:43  INFO]Clicked on: /html/body/div/div[2]/div[2]/div/div[2]/table/tbody/tr/td link, by given xpath method
[03/13/2012 16:59:43  INFO]--- 18 Action Start: wait
[03/13/2012 16:59:43  INFO]Sleeping for: 1 seconds
[03/13/2012 16:59:44  INFO]--- 16 Action Start: click
[03/13/2012 16:59:46  INFO]Clicked on button: //*[@id='email_send'], by given xpath method
[03/13/2012 16:59:46  INFO]--- 18 Action Start: wait
[03/13/2012 16:59:46  INFO]Sleeping for: 1 seconds
[03/13/2012 16:59:47  INFO]--- 17 Action Start: verify
[03/13/2012 16:59:47 ERROR]************************************************************
[03/13/2012 16:59:47 ERROR]java.lang.StringIndexOutOfBoundsException: String index out of range: -1
[03/13/2012 16:59:47 ERROR]    java.lang.String.substring(String.java:1952)
[03/13/2012 16:59:47 ERROR]    java.lang.String.substring(String.java:1925)
[03/13/2012 16:59:47 ERROR]    com.cisco.psp.minimacros.Verify.startTest(Verify.java:45)
[03/13/2012 16:59:47 ERROR]    com.cisco.psp.testrunner.ScheduleRunner.runAction(ScheduleRunner.java:232)
[03/13/2012 16:59:47 ERROR]    com.cisco.psp.testrunner.ScheduleRunner.runWorkflow(ScheduleRunner.java:109)
[03/13/2012 16:59:47 ERROR]    com.cisco.psp.testrunner.TestRunner.main(TestRunner.java:123)
[03/13/2012 16:59:47 ERROR]************************************************************
[03/13/2012 16:59:47  INFO]=====Workflow invite_customer_login end=====
[03/13/2012 16:59:47  INFO]Result: Incomplete
[03/13/2012 16:59:47  INFO]Time: 0 hours, 0 minutes, 36 seconds.
[03/13/2012 17:07:38  INFO]Starting Firefox...
[03/13/2012 17:07:38  INFO]Using profile: webdriver
[03/13/2012 17:07:51  INFO]=====Workflow invite_customer_login start=====
[03/13/2012 17:07:51  INFO]--- 1 Action Start: navigate
[03/13/2012 17:07:52  INFO]Navigated to: https://www.t5.l1.cisco.com
[03/13/2012 17:07:52  INFO]--- 2 Action Start: input
[03/13/2012 17:07:53  INFO]Typed: nhuhoang1 in //*[@id='accountid'] text field by given xpath method
[03/13/2012 17:07:53  INFO]--- 3 Action Start: input
[03/13/2012 17:07:53  INFO]Typed: Test1234 in //*[@id='password'] text field by given xpath method
[03/13/2012 17:07:53  INFO]--- 4 Action Start: click
[03/13/2012 17:07:55  INFO]Clicked on button: //*[@id='loginbutton'], by given xpath method
[03/13/2012 17:07:55  INFO]--- 5 Action Start: wait
[03/13/2012 17:07:55  INFO]Sleeping for: 1 seconds
[03/13/2012 17:07:56  INFO]--- 6 Action Start: navigate
[03/13/2012 17:07:58  INFO]Navigated to: https://4468.t5.l1.cisco.com/customer.html?c=23530.4468.t5.l1.cisco.com
[03/13/2012 17:07:58  INFO]--- 7 Action Start: hover
[03/13/2012 17:07:59  INFO]Displayed sub-menu of: Profile
[03/13/2012 17:07:59  INFO]--- 9 Action Start: click
[03/13/2012 17:08:00  INFO]Clicked on submenu: Customer Logins, by submenu value method
[03/13/2012 17:08:00  INFO]--- 8 Action Start: wait
[03/13/2012 17:08:00  INFO]Sleeping for: 1 seconds
[03/13/2012 17:08:01  INFO]--- 9 Action Start: click
[03/13/2012 17:08:02  INFO]Clicked on: //*[@id='service_add'] link, by given xpath method
[03/13/2012 17:08:02  INFO]--- 10 Action Start: wait
[03/13/2012 17:08:02  INFO]Sleeping for: 3 seconds
[03/13/2012 17:08:05  INFO]--- 11 Action Start: input
[03/13/2012 17:08:05  INFO]Typed: rantao12@yahoo.com in //*[@id='add_customer_login'] text field by given xpath method
[03/13/2012 17:08:05  INFO]--- 12 Action Start: input
[03/13/2012 17:08:05  INFO]Typed: Comments123 in //*[@id='add_ac_comment'] text field by given xpath method
[03/13/2012 17:08:05  INFO]--- 13 Action Start: input
[03/13/2012 17:08:06  INFO]Typed: taora@cisco.com in //*[@id='add_email_addr'] text field by given xpath method
[03/13/2012 17:08:06  INFO]--- 14 Action Start: wait
[03/13/2012 17:08:06  INFO]Sleeping for: 3 seconds
[03/13/2012 17:08:09  INFO]--- 15 Action Start: click
[03/13/2012 17:08:09  INFO]Clicked on: /html/body/div[2]/div[3]/div/span/button link, by given xpath method
[03/13/2012 17:08:09  INFO]--- 14 Action Start: wait
[03/13/2012 17:08:09  INFO]Sleeping for: 2 seconds
[03/13/2012 17:08:11  INFO]--- 15 Action Start: click
[03/13/2012 17:08:11  INFO]Clicked on: /html/body/div/div[2]/div[2]/div/div[2]/table/tbody/tr/td link, by given xpath method
[03/13/2012 17:08:11  INFO]--- 18 Action Start: wait
[03/13/2012 17:08:11  INFO]Sleeping for: 1 seconds
[03/13/2012 17:08:12  INFO]--- 16 Action Start: click
[03/13/2012 17:08:14  INFO]Clicked on button: //*[@id='email_send'], by given xpath method
[03/13/2012 17:08:14  INFO]--- 18 Action Start: wait
[03/13/2012 17:08:14  INFO]Sleeping for: 1 seconds
[03/13/2012 17:08:16  INFO]--- 17 Action Start: verify
[03/13/2012 17:08:16 ERROR]************************************************************
[03/13/2012 17:08:16 ERROR]java.lang.StringIndexOutOfBoundsException: String index out of range: -1
[03/13/2012 17:08:16 ERROR]    java.lang.String.substring(String.java:1952)
[03/13/2012 17:08:16 ERROR]    java.lang.String.substring(String.java:1925)
[03/13/2012 17:08:16 ERROR]    com.cisco.psp.minimacros.Verify.startTest(Verify.java:45)
[03/13/2012 17:08:16 ERROR]    com.cisco.psp.testrunner.ScheduleRunner.runAction(ScheduleRunner.java:232)
[03/13/2012 17:08:16 ERROR]    com.cisco.psp.testrunner.ScheduleRunner.runWorkflow(ScheduleRunner.java:109)
[03/13/2012 17:08:16 ERROR]    com.cisco.psp.testrunner.TestRunner.main(TestRunner.java:123)
[03/13/2012 17:08:16 ERROR]************************************************************
[03/13/2012 17:08:16  INFO]=====Workflow invite_customer_login end=====
[03/13/2012 17:08:16  INFO]Result: Incomplete
[03/13/2012 17:08:16  INFO]Time: 0 hours, 0 minutes, 37 seconds.
[03/13/2012 17:12:51  INFO]Starting Firefox...
[03/13/2012 17:12:51  INFO]Using profile: webdriver
[03/13/2012 17:13:03  INFO]=====Workflow invite_customer_login start=====
[03/13/2012 17:13:03  INFO]--- 1 Action Start: navigate
[03/13/2012 17:13:04  INFO]Navigated to: https://www.t5.l1.cisco.com
[03/13/2012 17:13:04  INFO]--- 2 Action Start: input
[03/13/2012 17:13:04  INFO]Typed: nhuhoang1 in //*[@id='accountid'] text field by given xpath method
[03/13/2012 17:13:04  INFO]--- 3 Action Start: input
[03/13/2012 17:13:04  INFO]Typed: Test1234 in //*[@id='password'] text field by given xpath method
[03/13/2012 17:13:04  INFO]--- 4 Action Start: click
[03/13/2012 17:13:07  INFO]Clicked on button: //*[@id='loginbutton'], by given xpath method
[03/13/2012 17:13:07  INFO]--- 5 Action Start: wait
[03/13/2012 17:13:07  INFO]Sleeping for: 1 seconds
[03/13/2012 17:13:08  INFO]--- 6 Action Start: navigate
[03/13/2012 17:13:09  INFO]Navigated to: https://4468.t5.l1.cisco.com/customer.html?c=23530.4468.t5.l1.cisco.com
[03/13/2012 17:13:09  INFO]--- 7 Action Start: hover
[03/13/2012 17:13:09  INFO]Displayed sub-menu of: Profile
[03/13/2012 17:13:09  INFO]--- 9 Action Start: click
[03/13/2012 17:13:10  INFO]Clicked on submenu: Customer Logins, by submenu value method
[03/13/2012 17:13:10  INFO]--- 8 Action Start: wait
[03/13/2012 17:13:10  INFO]Sleeping for: 1 seconds
[03/13/2012 17:13:11  INFO]--- 9 Action Start: click
[03/13/2012 17:13:11  INFO]Clicked on: //*[@id='service_add'] link, by given xpath method
[03/13/2012 17:13:11  INFO]--- 10 Action Start: wait
[03/13/2012 17:13:11  INFO]Sleeping for: 3 seconds
[03/13/2012 17:13:14  INFO]--- 11 Action Start: input
[03/13/2012 17:13:14  INFO]Typed: rantao12@yahoo.com in //*[@id='add_customer_login'] text field by given xpath method
[03/13/2012 17:13:14  INFO]--- 12 Action Start: input
[03/13/2012 17:13:15  INFO]Typed: Comments123 in //*[@id='add_ac_comment'] text field by given xpath method
[03/13/2012 17:13:15  INFO]--- 13 Action Start: input
[03/13/2012 17:13:15  INFO]Typed: taora@cisco.com in //*[@id='add_email_addr'] text field by given xpath method
[03/13/2012 17:13:15  INFO]--- 14 Action Start: wait
[03/13/2012 17:13:15  INFO]Sleeping for: 3 seconds
[03/13/2012 17:13:18  INFO]--- 15 Action Start: click
[03/13/2012 17:13:18  INFO]Clicked on: /html/body/div[2]/div[3]/div/span/button link, by given xpath method
[03/13/2012 17:13:18  INFO]--- 14 Action Start: wait
[03/13/2012 17:13:18  INFO]Sleeping for: 2 seconds
[03/13/2012 17:13:20  INFO]--- 15 Action Start: click
[03/13/2012 17:13:20  INFO]Clicked on: /html/body/div/div[2]/div[2]/div/div[2]/table/tbody/tr/td link, by given xpath method
[03/13/2012 17:13:20  INFO]--- 18 Action Start: wait
[03/13/2012 17:13:20  INFO]Sleeping for: 1 seconds
[03/13/2012 17:13:21  INFO]--- 16 Action Start: click
[03/13/2012 17:13:23 ERROR]************************************************************
[03/13/2012 17:13:23 ERROR]Cannot find element with given xpath: //*[@id='email_send']
[03/13/2012 17:13:23 ERROR]************************************************************
[03/13/2012 17:13:23  INFO]=====Workflow invite_customer_login end=====
[03/13/2012 17:13:23  INFO]Action 16: click aborted
[03/13/2012 17:13:23  INFO]Result: Fail
[03/13/2012 17:13:23  INFO]Time: 0 hours, 0 minutes, 32 seconds.
